2025-05-10 15:35:24,004 - app.core.analyzer - INFO - Model and tokenizer loaded successfully
2025-05-10 15:35:25,423 - app.core.analyzer - INFO - Model and tokenizer loaded successfully
2025-05-10 15:35:25,423 - app.core.analyzer - INFO - Model and tokenizer loaded successfully
2025-05-10 15:35:26,806 - app.core.analyzer - INFO - Model and tokenizer loaded successfully
2025-05-10 15:35:26,806 - app.core.analyzer - INFO - Model and tokenizer loaded successfully
2025-05-10 15:35:26,806 - app.core.analyzer - INFO - Model and tokenizer loaded successfully
2025-05-10 15:35:28,624 - app.core.analyzer - INFO - Model and tokenizer loaded successfully
2025-05-10 15:35:28,624 - app.core.analyzer - INFO - Model and tokenizer loaded successfully
2025-05-10 15:35:28,624 - app.core.analyzer - INFO - Model and tokenizer loaded successfully
2025-05-10 15:35:28,624 - app.core.analyzer - INFO - Model and tokenizer loaded successfully
2025-05-10 15:35:30,800 - app.core.analyzer - INFO - Model and tokenizer loaded successfully
2025-05-10 15:35:30,800 - app.core.analyzer - INFO - Model and tokenizer loaded successfully
2025-05-10 15:35:30,800 - app.core.analyzer - INFO - Model and tokenizer loaded successfully
2025-05-10 15:35:30,800 - app.core.analyzer - INFO - Model and tokenizer loaded successfully
2025-05-10 15:35:30,800 - app.core.analyzer - INFO - Model and tokenizer loaded successfully
2025-05-10 15:35:32,230 - app.core.analyzer - INFO - Model and tokenizer loaded successfully
2025-05-10 15:35:32,230 - app.core.analyzer - INFO - Model and tokenizer loaded successfully
2025-05-10 15:35:32,230 - app.core.analyzer - INFO - Model and tokenizer loaded successfully
2025-05-10 15:35:32,230 - app.core.analyzer - INFO - Model and tokenizer loaded successfully
2025-05-10 15:35:32,230 - app.core.analyzer - INFO - Model and tokenizer loaded successfully
2025-05-10 15:35:32,230 - app.core.analyzer - INFO - Model and tokenizer loaded successfully
2025-05-10 15:35:32,749 - app.models.database - ERROR - Error getting database connection: Working outside of application context.

This typically means that you attempted to use functionality that needed
the current application. To solve this, set up an application context
with app.app_context(). See the documentation for more information.
2025-05-10 15:35:32,749 - app.models.database - ERROR - Error getting database connection: Working outside of application context.

This typically means that you attempted to use functionality that needed
the current application. To solve this, set up an application context
with app.app_context(). See the documentation for more information.
2025-05-10 15:35:32,749 - app.models.database - ERROR - Error getting database connection: Working outside of application context.

This typically means that you attempted to use functionality that needed
the current application. To solve this, set up an application context
with app.app_context(). See the documentation for more information.
2025-05-10 15:35:32,749 - app.models.database - ERROR - Error getting database connection: Working outside of application context.

This typically means that you attempted to use functionality that needed
the current application. To solve this, set up an application context
with app.app_context(). See the documentation for more information.
2025-05-10 15:35:32,749 - app.models.database - ERROR - Error getting database connection: Working outside of application context.

This typically means that you attempted to use functionality that needed
the current application. To solve this, set up an application context
with app.app_context(). See the documentation for more information.
2025-05-10 15:35:32,749 - app.models.database - ERROR - Error getting database connection: Working outside of application context.

This typically means that you attempted to use functionality that needed
the current application. To solve this, set up an application context
with app.app_context(). See the documentation for more information.
2025-05-10 15:35:32,749 - app.models.database - ERROR - Error getting database connection: Working outside of application context.

This typically means that you attempted to use functionality that needed
the current application. To solve this, set up an application context
with app.app_context(). See the documentation for more information.
2025-05-10 15:35:32,749 - app.models.database - ERROR - Error getting database connection: Working outside of application context.

This typically means that you attempted to use functionality that needed
the current application. To solve this, set up an application context
with app.app_context(). See the documentation for more information.
2025-05-10 15:35:32,749 - app.models.database - ERROR - Error getting database connection: Working outside of application context.

This typically means that you attempted to use functionality that needed
the current application. To solve this, set up an application context
with app.app_context(). See the documentation for more information.
2025-05-10 15:35:32,749 - app.models.database - ERROR - Error getting database connection: Working outside of application context.

This typically means that you attempted to use functionality that needed
the current application. To solve this, set up an application context
with app.app_context(). See the documentation for more information.
2025-05-10 15:35:32,749 - app.models.database - ERROR - Error getting database connection: Working outside of application context.

This typically means that you attempted to use functionality that needed
the current application. To solve this, set up an application context
with app.app_context(). See the documentation for more information.
2025-05-10 15:35:32,749 - app.models.database - ERROR - Error getting database connection: Working outside of application context.

This typically means that you attempted to use functionality that needed
the current application. To solve this, set up an application context
with app.app_context(). See the documentation for more information.
2025-05-10 15:35:32,749 - app.models.database - ERROR - Error getting database connection: Working outside of application context.

This typically means that you attempted to use functionality that needed
the current application. To solve this, set up an application context
with app.app_context(). See the documentation for more information.
2025-05-10 15:35:32,749 - app.models.database - ERROR - Error getting database connection: Working outside of application context.

This typically means that you attempted to use functionality that needed
the current application. To solve this, set up an application context
with app.app_context(). See the documentation for more information.
2025-05-10 15:35:32,749 - app.models.database - ERROR - Error getting database connection: Working outside of application context.

This typically means that you attempted to use functionality that needed
the current application. To solve this, set up an application context
with app.app_context(). See the documentation for more information.
2025-05-10 15:35:32,749 - app.models.database - ERROR - Error getting database connection: Working outside of application context.

This typically means that you attempted to use functionality that needed
the current application. To solve this, set up an application context
with app.app_context(). See the documentation for more information.
2025-05-10 15:36:22,637 - app.core.analyzer - INFO - Model and tokenizer loaded successfully
2025-05-10 15:36:24,149 - app.core.analyzer - INFO - Model and tokenizer loaded successfully
2025-05-10 15:36:24,149 - app.core.analyzer - INFO - Model and tokenizer loaded successfully
2025-05-10 15:36:25,526 - app.core.analyzer - INFO - Model and tokenizer loaded successfully
2025-05-10 15:36:25,526 - app.core.analyzer - INFO - Model and tokenizer loaded successfully
2025-05-10 15:36:25,526 - app.core.analyzer - INFO - Model and tokenizer loaded successfully
2025-05-10 15:36:26,771 - app.core.analyzer - INFO - Model and tokenizer loaded successfully
2025-05-10 15:36:26,771 - app.core.analyzer - INFO - Model and tokenizer loaded successfully
2025-05-10 15:36:26,771 - app.core.analyzer - INFO - Model and tokenizer loaded successfully
2025-05-10 15:36:26,771 - app.core.analyzer - INFO - Model and tokenizer loaded successfully
2025-05-10 15:36:28,220 - app.core.analyzer - INFO - Model and tokenizer loaded successfully
2025-05-10 15:36:28,220 - app.core.analyzer - INFO - Model and tokenizer loaded successfully
2025-05-10 15:36:28,220 - app.core.analyzer - INFO - Model and tokenizer loaded successfully
2025-05-10 15:36:28,220 - app.core.analyzer - INFO - Model and tokenizer loaded successfully
2025-05-10 15:36:28,220 - app.core.analyzer - INFO - Model and tokenizer loaded successfully
2025-05-10 15:36:29,882 - app.core.analyzer - INFO - Model and tokenizer loaded successfully
2025-05-10 15:36:29,882 - app.core.analyzer - INFO - Model and tokenizer loaded successfully
2025-05-10 15:36:29,882 - app.core.analyzer - INFO - Model and tokenizer loaded successfully
2025-05-10 15:36:29,882 - app.core.analyzer - INFO - Model and tokenizer loaded successfully
2025-05-10 15:36:29,882 - app.core.analyzer - INFO - Model and tokenizer loaded successfully
2025-05-10 15:36:29,882 - app.core.analyzer - INFO - Model and tokenizer loaded successfully
2025-05-10 15:36:30,418 - app.models.database - ERROR - Error getting database connection: Working outside of application context.

This typically means that you attempted to use functionality that needed
the current application. To solve this, set up an application context
with app.app_context(). See the documentation for more information.
2025-05-10 15:36:30,418 - app.models.database - ERROR - Error getting database connection: Working outside of application context.

This typically means that you attempted to use functionality that needed
the current application. To solve this, set up an application context
with app.app_context(). See the documentation for more information.
2025-05-10 15:36:30,418 - app.models.database - ERROR - Error getting database connection: Working outside of application context.

This typically means that you attempted to use functionality that needed
the current application. To solve this, set up an application context
with app.app_context(). See the documentation for more information.
2025-05-10 15:36:30,418 - app.models.database - ERROR - Error getting database connection: Working outside of application context.

This typically means that you attempted to use functionality that needed
the current application. To solve this, set up an application context
with app.app_context(). See the documentation for more information.
2025-05-10 15:36:30,418 - app.models.database - ERROR - Error getting database connection: Working outside of application context.

This typically means that you attempted to use functionality that needed
the current application. To solve this, set up an application context
with app.app_context(). See the documentation for more information.
2025-05-10 15:36:30,418 - app.models.database - ERROR - Error getting database connection: Working outside of application context.

This typically means that you attempted to use functionality that needed
the current application. To solve this, set up an application context
with app.app_context(). See the documentation for more information.
2025-05-10 15:36:30,418 - app.models.database - ERROR - Error getting database connection: Working outside of application context.

This typically means that you attempted to use functionality that needed
the current application. To solve this, set up an application context
with app.app_context(). See the documentation for more information.
2025-05-10 15:36:30,418 - app.models.database - ERROR - Error getting database connection: Working outside of application context.

This typically means that you attempted to use functionality that needed
the current application. To solve this, set up an application context
with app.app_context(). See the documentation for more information.
2025-05-10 15:36:30,418 - app.models.database - ERROR - Error getting database connection: Working outside of application context.

This typically means that you attempted to use functionality that needed
the current application. To solve this, set up an application context
with app.app_context(). See the documentation for more information.
2025-05-10 15:36:30,418 - app.models.database - ERROR - Error getting database connection: Working outside of application context.

This typically means that you attempted to use functionality that needed
the current application. To solve this, set up an application context
with app.app_context(). See the documentation for more information.
2025-05-10 15:36:30,418 - app.models.database - ERROR - Error getting database connection: Working outside of application context.

This typically means that you attempted to use functionality that needed
the current application. To solve this, set up an application context
with app.app_context(). See the documentation for more information.
2025-05-10 15:36:30,418 - app.models.database - ERROR - Error getting database connection: Working outside of application context.

This typically means that you attempted to use functionality that needed
the current application. To solve this, set up an application context
with app.app_context(). See the documentation for more information.
2025-05-10 15:36:30,418 - app.models.database - ERROR - Error getting database connection: Working outside of application context.

This typically means that you attempted to use functionality that needed
the current application. To solve this, set up an application context
with app.app_context(). See the documentation for more information.
2025-05-10 15:36:30,418 - app.models.database - ERROR - Error getting database connection: Working outside of application context.

This typically means that you attempted to use functionality that needed
the current application. To solve this, set up an application context
with app.app_context(). See the documentation for more information.
2025-05-10 15:36:30,418 - app.models.database - ERROR - Error getting database connection: Working outside of application context.

This typically means that you attempted to use functionality that needed
the current application. To solve this, set up an application context
with app.app_context(). See the documentation for more information.
2025-05-10 15:36:30,418 - app.models.database - ERROR - Error getting database connection: Working outside of application context.

This typically means that you attempted to use functionality that needed
the current application. To solve this, set up an application context
with app.app_context(). See the documentation for more information.
